<?xml version="1.0" encoding="UTF-8"?>
<!-- Generated by org.testng.reporters.JUnitReportReporter -->
<testsuite hostname="DESKTOP-OHEA8KU" failures="0" tests="4" name="RESTASSUREDBASICS.HttpRequests" time="5.725" errors="0" timestamp="2023-05-10T16:14:37 IST" skipped="0">
  <testcase classname="RESTASSUREDBASICS.HttpRequests" name="getUsers" time="3.224"/>
  <system-out/>
  <testcase classname="RESTASSUREDBASICS.HttpRequests" name="createUser" time="2.342"/>
  <system-out/>
  <testcase classname="RESTASSUREDBASICS.HttpRequests" name="updateUser" time="0.093"/>
  <system-out/>
  <testcase classname="RESTASSUREDBASICS.HttpRequests" name="deleteUser" time="0.066"/>
  <system-out/>
</testsuite> <!-- RESTASSUREDBASICS.HttpRequests -->
